[2024-04-19 15:32:59,021: INFO: main: welcome to our custom log]
[2024-04-23 19:49:46,596: INFO: common: yaml file: config\config.yaml loaded successfully]
[2024-04-23 19:49:46,604: INFO: common: yaml file: params.yaml loaded successfully]
[2024-04-23 19:49:46,606: INFO: common: created directory at: artifacts]
[2024-04-23 19:49:46,607: INFO: common: created directory at: artifacts/data_ingestion]
[2024-04-23 19:49:46,608: INFO: 1720004804: Downloading data from https://drive.google.com/file/d/1vlhZ5c7abUKF8xXERIw6m9Te8fW7ohw3/view?usp=sharing into file artifacts/data_ingestion/data.zip]
[2024-04-23 19:51:49,593: INFO: 1720004804: Downloaded data from https://drive.google.com/file/d/1vlhZ5c7abUKF8xXERIw6m9Te8fW7ohw3/view?usp=sharing into file artifacts/data_ingestion/data.zip]
[2024-04-23 20:19:49,230: INFO: main: >>>>>> stage DATA Ingestion stage started <<<<<<]
[2024-04-23 20:19:49,231: INFO: common: yaml file: config\config.yaml loaded successfully]
[2024-04-23 20:19:49,232: INFO: common: yaml file: params.yaml loaded successfully]
[2024-04-23 20:19:49,233: INFO: common: created directory at: artifacts]
[2024-04-23 20:19:49,233: INFO: common: created directory at: artifacts/data_ingestion]
[2024-04-23 20:19:49,233: INFO: data_ingestion: Downloading data from https://drive.google.com/file/d/1vlhZ5c7abUKF8xXERIw6m9Te8fW7ohw3/view?usp=sharing into file artifacts/data_ingestion/data.zip]
[2024-04-23 20:22:22,995: INFO: data_ingestion: Downloaded data from https://drive.google.com/file/d/1vlhZ5c7abUKF8xXERIw6m9Te8fW7ohw3/view?usp=sharing into file artifacts/data_ingestion/data.zip]
[2024-04-23 20:22:23,505: INFO: main: >>>>>> stage DATA Ingestion stage completed <<<<<<

x==========x]
[2024-04-24 14:59:35,976: INFO: common: yaml file: config\config.yaml loaded successfully]
[2024-04-24 14:59:35,986: INFO: common: yaml file: params.yaml loaded successfully]
[2024-04-24 14:59:35,989: INFO: common: created directory at: artifacts]
[2024-04-24 15:01:16,625: INFO: common: yaml file: config\config.yaml loaded successfully]
[2024-04-24 15:01:16,627: INFO: common: yaml file: params.yaml loaded successfully]
[2024-04-24 15:01:16,628: INFO: common: created directory at: artifacts]
[2024-04-24 15:01:16,629: INFO: common: created directory at: artifacts/prepare_base_model]
[2024-04-24 15:03:21,255: WARNING: saving_utils: Compiled the loaded model, but the compiled metrics have yet to be built. `model.compile_metrics` will be empty until you train or evaluate the model.]
[2024-04-24 21:37:31,522: INFO: main: >>>>>> stage DATA Ingestion stage started <<<<<<]
[2024-04-24 21:37:31,533: INFO: common: yaml file: config\config.yaml loaded successfully]
[2024-04-24 21:37:31,538: INFO: common: yaml file: params.yaml loaded successfully]
[2024-04-24 21:37:31,539: INFO: common: created directory at: artifacts]
[2024-04-24 21:37:31,540: INFO: common: created directory at: artifacts/data_ingestion]
[2024-04-24 21:37:31,541: INFO: data_ingestion: Downloading data from https://drive.google.com/file/d/1vlhZ5c7abUKF8xXERIw6m9Te8fW7ohw3/view?usp=sharing into file artifacts/data_ingestion/data.zip]
[2024-04-24 21:39:34,158: INFO: data_ingestion: Downloaded data from https://drive.google.com/file/d/1vlhZ5c7abUKF8xXERIw6m9Te8fW7ohw3/view?usp=sharing into file artifacts/data_ingestion/data.zip]
[2024-04-24 21:39:34,631: INFO: main: >>>>>> stage DATA Ingestion stage completed <<<<<<

x==========x]
[2024-04-24 21:39:34,631: INFO: main: >>>>>> stage Prepare base model stage started <<<<<<]
[2024-04-24 21:39:34,633: INFO: common: yaml file: config\config.yaml loaded successfully]
[2024-04-24 21:39:34,635: INFO: common: yaml file: params.yaml loaded successfully]
[2024-04-24 21:39:34,635: INFO: common: created directory at: artifacts]
[2024-04-24 21:39:34,636: INFO: common: created directory at: artifacts/prepare_base_model]
[2024-04-24 21:39:35,052: WARNING: saving_utils: Compiled the loaded model, but the compiled metrics have yet to be built. `model.compile_metrics` will be empty until you train or evaluate the model.]
[2024-04-24 21:39:35,226: INFO: main: >>>>>> stage Prepare base model stage completed <<<<<<

x==========x]
[2024-04-25 15:14:47,176: INFO: common: yaml file: config\config.yaml loaded successfully]
[2024-04-25 15:14:47,180: INFO: common: yaml file: params.yaml loaded successfully]
[2024-04-25 15:14:47,184: INFO: common: created directory at: artifacts]
[2024-04-25 15:14:47,186: INFO: common: created directory at: artifacts/training]
[2024-04-25 15:16:10,059: INFO: common: yaml file: config\config.yaml loaded successfully]
[2024-04-25 15:16:10,061: INFO: common: yaml file: params.yaml loaded successfully]
[2024-04-25 15:16:10,062: INFO: common: created directory at: artifacts]
[2024-04-25 15:16:10,063: INFO: common: created directory at: artifacts/training]
[2024-04-25 15:16:37,637: INFO: common: yaml file: config\config.yaml loaded successfully]
[2024-04-25 15:16:37,639: INFO: common: yaml file: params.yaml loaded successfully]
[2024-04-25 15:16:37,640: INFO: common: created directory at: artifacts]
[2024-04-25 15:16:37,640: INFO: common: created directory at: artifacts/training]
[2024-04-25 15:36:23,367: INFO: main: >>>>>> stage DATA Ingestion stage started <<<<<<]
[2024-04-25 15:36:23,376: INFO: common: yaml file: config\config.yaml loaded successfully]
[2024-04-25 15:36:23,382: INFO: common: yaml file: params.yaml loaded successfully]
[2024-04-25 15:36:23,383: INFO: common: created directory at: artifacts]
[2024-04-25 15:36:23,383: INFO: common: created directory at: artifacts/data_ingestion]
[2024-04-25 15:36:23,384: INFO: data_ingestion: Downloading data from https://drive.google.com/file/d/1vlhZ5c7abUKF8xXERIw6m9Te8fW7ohw3/view?usp=sharing into file artifacts/data_ingestion/data.zip]
[2024-04-25 15:40:07,283: INFO: data_ingestion: Downloaded data from https://drive.google.com/file/d/1vlhZ5c7abUKF8xXERIw6m9Te8fW7ohw3/view?usp=sharing into file artifacts/data_ingestion/data.zip]
[2024-04-25 15:40:07,791: INFO: main: >>>>>> stage DATA Ingestion stage completed <<<<<<

x==========x]
[2024-04-25 15:40:07,792: INFO: main: >>>>>> stage Prepare base model stage started <<<<<<]
[2024-04-25 15:40:07,795: INFO: common: yaml file: config\config.yaml loaded successfully]
[2024-04-25 15:40:07,797: INFO: common: yaml file: params.yaml loaded successfully]
[2024-04-25 15:40:07,797: INFO: common: created directory at: artifacts]
[2024-04-25 15:40:07,799: INFO: common: created directory at: artifacts/prepare_base_model]
[2024-04-25 15:40:08,223: WARNING: saving_utils: Compiled the loaded model, but the compiled metrics have yet to be built. `model.compile_metrics` will be empty until you train or evaluate the model.]
[2024-04-25 15:40:08,407: INFO: main: >>>>>> stage Prepare base model stage completed <<<<<<

x==========x]
[2024-04-25 15:40:08,408: INFO: main: >>>>>> stage Training started <<<<<<]
[2024-04-25 15:40:08,410: INFO: common: yaml file: config\config.yaml loaded successfully]
[2024-04-25 15:40:08,412: INFO: common: yaml file: params.yaml loaded successfully]
[2024-04-25 15:40:08,412: INFO: common: created directory at: artifacts]
[2024-04-25 15:40:08,413: INFO: common: created directory at: artifacts/training]
[2024-04-25 15:40:32,946: INFO: main: >>>>>> stage Training completed <<<<<<

x==========x]
